A legrovidebb ut hossza 1-bol 2-ba: -5
A legrovidebb ut 1-bol 2-ba: 1 2 
A legrovidebb ut hossza 1-bol 3-ba: -1
A legrovidebb ut 1-bol 3-ba: 1 2 3 
A legrovidebb ut hossza 1-bol 4-ba: 0
A legrovidebb ut 1-bol 4-ba: 1 2 3 4 
A legrovidebb ut hossza 2-bol 1-ba: 6
A legrovidebb ut 2-bol 1-ba: 2 3 1 
A legrovidebb ut hossza 2-bol 3-ba: 4
A legrovidebb ut 2-bol 3-ba: 2 3 
A legrovidebb ut hossza 2-bol 4-ba: 5
A legrovidebb ut 2-bol 4-ba: 2 3 4 
A legrovidebb ut hossza 3-bol 1-ba: 2
A legrovidebb ut 3-bol 1-ba: 3 1 
A legrovidebb ut hossza 3-bol 2-ba: -3
A legrovidebb ut 3-bol 2-ba: 3 1 2 
A legrovidebb ut hossza 3-bol 4-ba: 1
A legrovidebb ut 3-bol 4-ba: 3 4 
A legrovidebb ut hossza 4-bol 1-ba: nem elerheto
A legrovidebb ut 4-bol 1-ba: nem elerheto
A legrovidebb ut hossza 4-bol 2-ba: nem elerheto
A legrovidebb ut 4-bol 2-ba: nem elerheto
A legrovidebb ut hossza 4-bol 3-ba: nem elerheto
A legrovidebb ut 4-bol 3-ba: nem elerheto
